--- Copying files at Sat Mar 29 17:47:38 UTC 2025
INSTALLED plugins/blueocean-jira.jpi : 1.27.17
INSTALLED plugins/hidden-parameter.jpi : 414.vfe0a_8b_052546
INSTALLED plugins/ssh-slaves.jpi : 3.1031.v72c6b_883b_869
INSTALLED plugins/blueocean-jwt.jpi : 1.27.17
INSTALLED plugins/blueocean-events.jpi : 1.27.17
INSTALLED plugins/pipeline-model-api.jpi : 2.2247.va_423189a_7dff
INSTALLED plugins/blueocean-web.jpi : 1.27.17
INSTALLED plugins/plugin-util-api.jpi : 6.1.0
INSTALLED plugins/durable-task.jpi : 587.v84b_877235b_45
INSTALLED plugins/workflow-scm-step.jpi : 437.v05a_f66b_e5ef8
INSTALLED plugins/blueocean-git-pipeline.jpi : 1.27.17
INSTALLED plugins/sonar.jpi : 2.18
INSTALLED plugins/metrics.jpi : 4.2.21-464.vc9fa_a_0d6265d
INSTALLED plugins/azure-sdk.jpi : 206.v7df6fdd1d0ff
INSTALLED plugins/mina-sshd-api-core.jpi : 2.14.0-143.v2b_362fc39576
INSTALLED plugins/authentication-tokens.jpi : 1.131.v7199556c3004
INSTALLED plugins/variant.jpi : 70.va_d9f17f859e0
INSTALLED plugins/junit.jpi : 1319.v000471ca_e5e2
INSTALLED plugins/workflow-durable-task-step.jpi : 1405.v1fcd4a_d00096
INSTALLED plugins/display-url-api.jpi : 2.209.v582ed814ff2f
INSTALLED plugins/matrix-project.jpi : 847.v88a_f90ff9f20
INSTALLED plugins/apache-httpcomponents-client-4-api.jpi : 4.5.14-269.vfa_2321039a_83
INSTALLED plugins/ldap.jpi : 780.vcb_33c9a_e4332
INSTALLED plugins/kubernetes-client-api.jpi : 6.10.0-251.v556f5f100500
INSTALLED plugins/configuration-as-code.jpi : 1947.v7d33fe23569c
INSTALLED plugins/pipeline-stage-tags-metadata.jpi : 2.2247.va_423189a_7dff
INSTALLED plugins/sshd.jpi : 3.353.v2b_d33c46e970
INSTALLED plugins/blueocean-personalization.jpi : 1.27.17
INSTALLED plugins/email-ext.jpi : 1876.v28d8d38315b_d
INSTALLED plugins/azure-credentials.jpi : 357.v6447d38fb_007
INSTALLED plugins/pubsub-light.jpi : 1.19
INSTALLED plugins/branch-api.jpi : 2.1214.v3f652804588d
INSTALLED plugins/workflow-job.jpi : 1508.v9cb_c3a_a_89dfd
INSTALLED plugins/joda-time-api.jpi : 2.14.0-127.v7d9da_295a_d51
INSTALLED plugins/ssh-agent.jpi : 384.ve275343791a_6
INSTALLED plugins/pipeline-utility-steps.jpi : 2.19.0
INSTALLED plugins/Office-365-Connector.jpi : 5.1.0
INSTALLED plugins/workflow-step-api.jpi : 700.v6e45cb_a_5a_a_21
INSTALLED plugins/blueocean-commons.jpi : 1.27.17
INSTALLED plugins/workflow-support.jpi : 963.va_600813d04a_a_
INSTALLED plugins/json-api.jpi : 20250107-125.v28b_a_ffa_eb_f01
INSTALLED plugins/bouncycastle-api.jpi : 2.30.1.80-256.vf98926042a_9b_
INSTALLED plugins/json-path-api.jpi : 2.9.0-148.v22a_7ffe323ce
INSTALLED plugins/pam-auth.jpi : 1.12
INSTALLED plugins/asm-api.jpi : 9.7.1-129.vf5618e98eed1
INSTALLED plugins/mina-sshd-api-common.jpi : 2.14.0-143.v2b_362fc39576
INSTALLED plugins/github-branch-source.jpi : 1815.v9152b_2ff7a_1b_
INSTALLED plugins/checks-api.jpi : 367.v18b_7f530e54a_
INSTALLED plugins/ws-cleanup.jpi : 0.48
INSTALLED plugins/artifactory.jpi : 4.0.8
INSTALLED plugins/snakeyaml-api.jpi : 2.3-125.v4d77857a_b_402
INSTALLED plugins/jackson2-api.jpi : 2.18.3-402.v74c4eb_f122b_2
INSTALLED plugins/git.jpi : 5.7.0
INSTALLED plugins/workflow-aggregator.jpi : 608.v67378e9d3db_1
INSTALLED plugins/blueocean-pipeline-scm-api.jpi : 1.27.17
INSTALLED plugins/plain-credentials.jpi : 195.vb_906e9073dee
INSTALLED plugins/workflow-basic-steps.jpi : 1079.vce64b_a_929c5a_
INSTALLED plugins/credentials-binding.jpi : 687.v619cb_15e923f
INSTALLED plugins/javax-activation-api.jpi : 1.2.0-8
INSTALLED plugins/pipeline-stage-view.jpi : 2.37
INSTALLED plugins/blueocean-pipeline-api-impl.jpi : 1.27.17
INSTALLED plugins/script-security.jpi : 1373.vb_b_4a_a_c26fa_00
INSTALLED plugins/pipeline-stage-step.jpi : 322.vecffa_99f371c
INSTALLED plugins/trilead-api.jpi : 2.192.vc50a_d147e369
INSTALLED plugins/font-awesome-api.jpi : 6.7.2-1
INSTALLED plugins/pipeline-model-definition.jpi : 2.2247.va_423189a_7dff
INSTALLED plugins/blueocean-core-js.jpi : 1.27.17
INSTALLED plugins/antisamy-markup-formatter.jpi : 173.v680e3a_b_69ff3
INSTALLED plugins/resource-disposer.jpi : 0.25
INSTALLED plugins/blueocean-i18n.jpi : 1.27.17
INSTALLED plugins/simple-theme-plugin.jpi : 202.v6367d3dea_73b_
INSTALLED plugins/jersey2-api.jpi : 2.45-154.v4ded3dc34f81
INSTALLED plugins/github.jpi : 1.43.0
INSTALLED plugins/aws-java-sdk2-ec2.jpi : 2.30.28-26.v649b_8df2f988
INSTALLED plugins/aws-java-sdk2-core.jpi : 2.30.28-26.v649b_8df2f988
INSTALLED plugins/bootstrap5-api.jpi : 5.3.3-2
INSTALLED plugins/jsch.jpi : 0.2.16-95.v3eecb_55fa_b_78
INSTALLED plugins/git-client.jpi : 6.1.2
INSTALLED plugins/credentials.jpi : 1413.va_51c53703df1
INSTALLED plugins/jquery3-api.jpi : 3.7.1-3
INSTALLED plugins/commons-compress-api.jpi : 1.27.1-3
INSTALLED plugins/pipeline-model-extensions.jpi : 2.2247.va_423189a_7dff
INSTALLED plugins/gradle.jpi : 2.14.1
INSTALLED plugins/blueocean-bitbucket-pipeline.jpi : 1.27.17
INSTALLED plugins/pipeline-milestone-step.jpi : 127.vb_52887ca_3b_6d
INSTALLED plugins/workflow-api.jpi : 1366.vf1fb_e1a_f6b_22
INSTALLED plugins/parameterized-trigger.jpi : 840.v3c7d4a_a_5e6c7
INSTALLED plugins/gson-api.jpi : 2.12.1-113.v347686d6729f
INSTALLED plugins/token-macro.jpi : 444.v52de7e9c573d
INSTALLED plugins/pipeline-multibranch-defaults.jpi : 2.1
INSTALLED plugins/pipeline-graph-analysis.jpi : 235.vb_a_a_36b_f248c2
INSTALLED plugins/github-api.jpi : 1.321-488.v9b_c0da_9533f8
INSTALLED plugins/kubernetes.jpi : 4324.vfec199a_33512
INSTALLED plugins/commons-text-api.jpi : 1.13.0-153.v91dcd89e2a_22
INSTALLED plugins/ssh-credentials.jpi : 355.v9b_e5b_cde5003
INSTALLED plugins/ant.jpi : 513.vde9e7b_a_0da_0f
INSTALLED plugins/pipeline-input-step.jpi : 517.vf8e782ee645c
INSTALLED plugins/sse-gateway.jpi : 1.28
INSTALLED plugins/echarts-api.jpi : 5.6.0-2
INSTALLED plugins/okhttp-api.jpi : 4.11.0-189.v976fa_d3379d6
INSTALLED plugins/eddsa-api.jpi : 0.3.0.1-19.vc432d923e5ee
INSTALLED plugins/caffeine-api.jpi : 3.2.0-166.v72a_6d74b_870f
INSTALLED plugins/prism-api.jpi : 1.30.0-1
INSTALLED plugins/kubernetes-credentials.jpi : 192.v4d5b_1c429d17
INSTALLED plugins/blueocean-autofavorite.jpi : 1.2.5
INSTALLED plugins/matrix-auth.jpi : 3.2.5
INSTALLED plugins/ionicons-api.jpi : 82.v0597178874e1
INSTALLED plugins/config-file-provider.jpi : 982.vb_a_e458a_37021
INSTALLED plugins/generic-webhook-trigger.jpi : 2.3.1
INSTALLED plugins/jaxb.jpi : 2.3.9-133.vb_ec76a_73f706
INSTALLED plugins/oss-symbols-api.jpi : 308.v0c48656b_15c1
INSTALLED plugins/blueocean-github-pipeline.jpi : 1.27.17
INSTALLED plugins/pipeline-rest-api.jpi : 2.37
INSTALLED plugins/blueocean-pipeline-editor.jpi : 1.27.17
INSTALLED plugins/blueocean-dashboard.jpi : 1.27.17
INSTALLED plugins/htmlpublisher.jpi : 425
INSTALLED plugins/jakarta-mail-api.jpi : 2.1.3-2
INSTALLED plugins/workflow-cps.jpi : 4050.v8b_a_69b_587c39
INSTALLED plugins/jenkins-design-language.jpi : 1.27.17
INSTALLED plugins/role-strategy.jpi : 756.v978cb_392eb_d3
INSTALLED plugins/jakarta-activation-api.jpi : 2.1.3-2
INSTALLED plugins/cloudbees-bitbucket-branch-source.jpi : 935.1.3
INSTALLED plugins/workflow-multibranch.jpi : 803.v08103b_87c280
INSTALLED plugins/blueocean-rest-impl.jpi : 1.27.17
INSTALLED plugins/handy-uri-templates-2-api.jpi : 2.1.8-36.v85e4cb_234a_13
INSTALLED plugins/aws-java-sdk-minimal.jpi : 1.12.780-480.v4a_0819121a_9e
INSTALLED plugins/jira.jpi : 3.14
INSTALLED plugins/favorite.jpi : 2.225.v68765b_b_a_1fa_3
INSTALLED plugins/pipeline-build-step.jpi : 557.v95d96f77b_2b_8
INSTALLED plugins/mailer.jpi : 489.vd4b_25144138f
INSTALLED plugins/aws-java-sdk-ec2.jpi : 1.12.780-480.v4a_0819121a_9e
INSTALLED plugins/job-dsl.jpi : 1.91
INSTALLED plugins/scm-api.jpi : 704.v3ce5c542825a_
INSTALLED plugins/pipeline-githubnotify-step.jpi : 49.vf37bf92d2bc8
INSTALLED plugins/cloudbees-folder.jpi : 6.999.v42253c105443
INSTALLED plugins/blueocean-config.jpi : 1.27.17
INSTALLED plugins/blueocean-display-url.jpi : 2.4.4
INSTALLED plugins/aws-credentials.jpi : 245.v8a_1b_7c11a_94d
INSTALLED plugins/instance-identity.jpi : 203.v15e81a_1b_7a_38
INSTALLED plugins/blueocean.jpi : 1.27.17
INSTALLED plugins/structs.jpi : 343.vdcf37b_a_c81d5
INSTALLED plugins/commons-lang3-api.jpi : 3.17.0-87.v5cf526e63b_8b_
INSTALLED plugins/maven-plugin.jpi : 3.25
INSTALLED plugins/blueocean-rest.jpi : 1.27.17
INSTALLED plugins/jjwt-api.jpi : 0.11.5-120.v0268cf544b_89
INSTALLED plugins/javadoc.jpi : 310.v032f3f16b_0f8
INSTALLED plugins/pipeline-groovy-lib.jpi : 752.vdddedf804e72
INSTALLED plugins.txt
--- Copied files finished at Sat Mar 29 17:47:39 UTC 2025
